<?xml version="1.0" encoding="UTF-8"?>
<testsuite xmlns:xsi="http://www.w3.org/2001/XMLSchema-instance" xsi:noNamespaceSchemaLocation="https://maven.apache.org/surefire/maven-surefire-plugin/xsd/surefire-test-report-3.0.xsd" version="3.0" name="com.v2micro.v2microtwo.V2microtwoApplicationTests" time="24.635" tests="1" errors="0" skipped="0" failures="0">
  <properties>
[...]
</properties>
  <testcase name="contextLoads" classname="com.v2micro.v2microtwo.V2microtwoApplicationTests" time="1.475">
    <system-out><![CDATA[16:35:11.777 [main] INFO org.springframework.test.context.support.AnnotationConfigContextLoaderUtils -- Could not detect default configuration classes for test class [com.v2micro.v2microtwo.V2microtwoApplicationTests]: V2microtwoApplicationTests does not declare any static, non-private, non-final, nested classes annotated with @Configuration.
16:35:12.055 [main] INFO org.springframework.boot.test.context.SpringBootTestContextBootstrapper -- Found @SpringBootConfiguration com.v2micro.V2usermultiApplication for test class com.v2micro.v2microtwo.V2microtwoApplicationTests
16:35:12.466 [main] INFO org.springframework.boot.devtools.restart.RestartApplicationListener -- Restart disabled due to context in which it is running

  .   ____          _            __ _ _
 /\\ / ___'_ __ _ _(_)_ __  __ _ \ \ \ \
( ( )\___ | '_ | '_| | '_ \/ _` | \ \ \ \
 \\/  ___)| |_)| | | | | || (_| |  ) ) ) )
  '  |____| .__|_| |_|_| |_\__, | / / / /
 =========|_|==============|___/=/_/_/_/
 :: Spring Boot ::                (v3.2.1)

2024-10-29T16:35:14.348+05:30  INFO [users-ws, , ] 9432 --- [users-ws] [           main] c.v.v.V2microtwoApplicationTests         : Starting V2microtwoApplicationTests using Java 21.0.4 with PID 9432 (started by LENOVO in C:\Users\LENOVO\Documents\springboot-workspace\springboot3-micro\withoutUImulti\v2microtwo)
2024-10-29T16:35:14.351+05:30  INFO [users-ws, , ] 9432 --- [users-ws] [           main] c.v.v.V2microtwoApplicationTests         : No active profile set, falling back to 1 default profile: "default"
2024-10-29T16:35:17.485+05:30  INFO [users-ws, , ] 9432 --- [users-ws] [           main] .s.d.r.c.RepositoryConfigurationDelegate : Bootstrapping Spring Data JPA repositories in DEFAULT mode.
2024-10-29T16:35:17.814+05:30  INFO [users-ws, , ] 9432 --- [users-ws] [           main] .s.d.r.c.RepositoryConfigurationDelegate : Finished Spring Data repository scanning in 275 ms. Found 3 JPA repository interfaces.
2024-10-29T16:35:18.790+05:30  INFO [users-ws, , ] 9432 --- [users-ws] [           main] o.s.cloud.context.scope.GenericScope     : BeanFactory id=937b887c-06de-38ea-af2e-ed4e04ad3ed5
2024-10-29T16:35:19.764+05:30  WARN [users-ws, , ] 9432 --- [users-ws] [           main] trationDelegate$BeanPostProcessorChecker : Bean 'org.springframework.cloud.client.loadbalancer.LoadBalancerAutoConfiguration$DeferringLoadBalancerInterceptorConfig' of type [org.springframework.cloud.client.loadbalancer.LoadBalancerAutoConfiguration$DeferringLoadBalancerInterceptorConfig] is not eligible for getting processed by all BeanPostProcessors (for example: not eligible for auto-proxying). The currently created BeanPostProcessor [lbRestClientPostProcessor] is declared through a non-static factory method on that class; consider declaring it as static instead.
2024-10-29T16:35:19.777+05:30  WARN [users-ws, , ] 9432 --- [users-ws] [           main] trationDelegate$BeanPostProcessorChecker : Bean 'deferringLoadBalancerInterceptor' of type [org.springframework.cloud.client.loadbalancer.DeferringLoadBalancerInterceptor] is not eligible for getting processed by all BeanPostProcessors (for example: not eligible for auto-proxying). Is this bean getting eagerly injected into a currently created BeanPostProcessor [lbRestClientPostProcessor]? Check the corresponding BeanPostProcessor declaration and its dependencies.
2024-10-29T16:35:20.354+05:30  INFO [users-ws, , ] 9432 --- [users-ws] [           main] com.zaxxer.hikari.HikariDataSource       : HikariPool-1 - Starting...
2024-10-29T16:35:20.840+05:30  INFO [users-ws, , ] 9432 --- [users-ws] [           main] com.zaxxer.hikari.pool.HikariPool        : HikariPool-1 - Added connection conn0: url=jdbc:h2:mem:testdb user=SA
2024-10-29T16:35:20.845+05:30  INFO [users-ws, , ] 9432 --- [users-ws] [           main] com.zaxxer.hikari.HikariDataSource       : HikariPool-1 - Start completed.
2024-10-29T16:35:20.977+05:30  INFO [users-ws, , ] 9432 --- [users-ws] [           main] o.hibernate.jpa.internal.util.LogHelper  : HHH000204: Processing PersistenceUnitInfo [name: default]
2024-10-29T16:35:21.182+05:30  INFO [users-ws, , ] 9432 --- [users-ws] [           main] org.hibernate.Version                    : HHH000412: Hibernate ORM core version 6.4.1.Final
2024-10-29T16:35:21.295+05:30  INFO [users-ws, , ] 9432 --- [users-ws] [           main] o.h.c.internal.RegionFactoryInitiator    : HHH000026: Second-level cache disabled
2024-10-29T16:35:22.128+05:30  INFO [users-ws, , ] 9432 --- [users-ws] [           main] o.s.o.j.p.SpringPersistenceUnitInfo      : No LoadTimeWeaver setup: ignoring JPA class transformer
2024-10-29T16:35:22.273+05:30  WARN [users-ws, , ] 9432 --- [users-ws] [           main] org.hibernate.orm.deprecation            : HHH90000025: H2Dialect does not need to be specified explicitly using 'hibernate.dialect' (remove the property setting and it will be selected by default)
2024-10-29T16:35:24.489+05:30  INFO [users-ws, , ] 9432 --- [users-ws] [           main] o.h.e.t.j.p.i.JtaPlatformInitiator       : HHH000489: No JTA platform available (set 'hibernate.transaction.jta.platform' to enable JTA platform integration)
2024-10-29T16:35:24.580+05:30  INFO [users-ws, , ] 9432 --- [users-ws] [           main] j.LocalContainerEntityManagerFactoryBean : Initialized JPA EntityManagerFactory for persistence unit 'default'
2024-10-29T16:35:26.221+05:30  WARN [users-ws, , ] 9432 --- [users-ws] [           main] JpaBaseConfiguration$JpaWebConfiguration : spring.jpa.open-in-view is enabled by default. Therefore, database queries may be performed during view rendering. Explicitly configure spring.jpa.open-in-view to disable this warning
127.0.0.1
2024-10-29T16:35:28.007+05:30  INFO [users-ws, , ] 9432 --- [users-ws] [           main] o.s.s.web.DefaultSecurityFilterChain     : Will secure any request with [org.springframework.security.web.session.DisableEncodeUrlFilter@4bcfa08b, org.springframework.security.web.context.request.async.WebAsyncManagerIntegrationFilter@1e90939f, org.springframework.security.web.context.SecurityContextHolderFilter@1264dbc9, org.springframework.security.web.header.HeaderWriterFilter@4487dce, org.springframework.web.filter.CorsFilter@20bc6f4d, org.springframework.security.web.authentication.logout.LogoutFilter@2c855eb7, com.v2micro.security.AuthenticationFilter@7b491b89, com.v2micro.security.AuthorizationFilter@4d343793, org.springframework.security.web.savedrequest.RequestCacheAwareFilter@340ef431, org.springframework.security.web.servletapi.SecurityContextHolderAwareRequestFilter@494e7290, org.springframework.security.web.authentication.AnonymousAuthenticationFilter@57a259c1, org.springframework.security.web.session.SessionManagementFilter@3787eac3, org.springframework.security.web.access.ExceptionTranslationFilter@3e1f6318, org.springframework.security.web.access.intercept.AuthorizationFilter@1a9ba6c2]
Not Production bean created. myapplication.environment = null
Development bean created. myapplication.environment = null
2024-10-29T16:35:30.520+05:30  INFO [users-ws, , ] 9432 --- [users-ws] [           main] o.s.b.a.h2.H2ConsoleAutoConfiguration    : H2 console available at '/h2-console'. Database available at 'jdbc:h2:mem:testdb'
2024-10-29T16:35:31.923+05:30  INFO [users-ws, , ] 9432 --- [users-ws] [           main] o.s.cloud.commons.util.InetUtils         : Cannot determine local hostname
2024-10-29T16:35:32.074+05:30  INFO [users-ws, , ] 9432 --- [users-ws] [           main] DiscoveryClientOptionalArgsConfiguration : Eureka HTTP Client uses RestTemplate.
2024-10-29T16:35:33.129+05:30  INFO [users-ws, , ] 9432 --- [users-ws] [           main] o.s.cloud.commons.util.InetUtils         : Cannot determine local hostname
2024-10-29T16:35:33.430+05:30  WARN [users-ws, , ] 9432 --- [users-ws] [           main] iguration$LoadBalancerCaffeineWarnLogger : Spring Cloud LoadBalancer is currently working with the default cache. While this cache implementation is useful for development and tests, it's recommended to use Caffeine cache in production.You can switch to using Caffeine cache, by adding it and org.springframework.cache.caffeine.CaffeineCacheManager to the classpath.
2024-10-29T16:35:33.517+05:30  INFO [users-ws, , ] 9432 --- [users-ws] [           main] c.v.v.V2microtwoApplicationTests         : Started V2microtwoApplicationTests in 21.099 seconds (process running for 23.911)
2024-10-29T16:35:33.549+05:30  INFO [users-ws, , ] 9432 --- [users-ws] [           main] com.v2micro.data.InitialUsersSetup       : From Application Ready Event
]]></system-out>
    <system-err><![CDATA[WARNING: A Java agent has been loaded dynamically (C:\Users\LENOVO\.m2\repository\net\bytebuddy\byte-buddy-agent\1.14.10\byte-buddy-agent-1.14.10.jar)
WARNING: If a serviceability tool is in use, please run with -XX:+EnableDynamicAgentLoading to hide this warning
WARNING: If a serviceability tool is not in use, please run with -Djdk.instrument.traceUsage for more information
WARNING: Dynamic loading of agents will be disallowed by default in a future release
]]></system-err>
  </testcase>
</testsuite>